<?xml version="1.0" encoding="UTF-8"?>
<!-- Generated by org.testng.reporters.JUnitXMLReporter -->
<testsuite ignored="0" hostname="DESKTOP-0IR92JT" failures="1" tests="4" name="BoundaryOne Test" time="14.028" errors="0" timestamp="2023-01-14T08:01:40 EST">
  <testcase classname="com.amazon_SigninTest.SigninTest_Four" name="failSigninTest" time="0.023">
    <failure type="java.lang.AssertionError" message="expected [Amazon.com. Spend less. Smile more.] but found [www.amazone.com/]">
      <![CDATA[java.lang.AssertionError: expected [Amazon.com. Spend less. Smile more.] but found [www.amazone.com/]
at com.amazon_SigninTest.SigninTest_Four.failSigninTest(SigninTest_Four.java:71)
at java.base/java.util.ArrayList.forEach(ArrayList.java:1511)
... Removed 33 stack frames]]>
    </failure>
  </testcase> <!-- failSigninTest -->
  <testcase classname="com.amazon_SigninTest.SigninTest_Four" name="skipSigninTest" time="0.002">
    <skipped/>
  </testcase> <!-- skipSigninTest -->
  <testcase classname="com.amazon_SigninTest.SigninTest_Four" name="maxCharterPasswordTest" time="1.143"/>
  <testcase classname="com.amazon_SigninTest.SigninTest_Four" name="outOfBoundTest" time="1.719"/>
</testsuite> <!-- BoundaryOne Test -->
